INFO:     Will watch for changes in these directories: ['/home/saketh/Projects/dsa']
INFO:     Uvicorn running on http://0.0.0.0:8000 (Press CTRL+C to quit)
INFO:     Started reloader process [47117] using WatchFiles
/home/saketh/Projects/dsa/venv/lib/python3.10/site-packages/pydantic/_internal/_config.py:373: UserWarning: Valid config keys have changed in V2:
* 'schema_extra' has been renamed to 'json_schema_extra'
  warnings.warn(message, UserWarning)
INFO:visions.backends:Pandas backend loaded 2.2.3
INFO:visions.backends:Numpy backend loaded 2.1.3
INFO:visions.backends:Pyspark backend NOT loaded
INFO:visions.backends:Python backend loaded
INFO:src.api.error_handlers:Error handlers registered successfully
INFO:     Started server process [47121]
INFO:     Waiting for application startup.
INFO:src.main:Starting DSA Platform...
INFO:src.main:Database pool initialized
INFO:src.main:Initializing event system...
INFO:src.core.events.registry:Registered SearchIndexEventHandler for dataset.created
INFO:src.core.events.registry:Registered SearchIndexEventHandler for dataset.updated
INFO:src.core.events.registry:Registered SearchIndexEventHandler for dataset.deleted
INFO:src.core.events.registry:Registered AuditLogHandler for dataset.created
INFO:src.core.events.registry:Registered AuditLogHandler for dataset.updated
INFO:src.core.events.registry:Registered AuditLogHandler for dataset.deleted
INFO:src.core.events.registry:Registered AuditLogHandler for commit.created
INFO:src.core.events.registry:Registered AuditLogHandler for commit.merged
INFO:src.core.events.registry:Registered AuditLogHandler for user.created
INFO:src.core.events.registry:Registered AuditLogHandler for user.updated
INFO:src.core.events.registry:Registered AuditLogHandler for user.deleted
INFO:src.core.events.registry:Registered AuditLogHandler for user.login
INFO:src.core.events.registry:Registered AuditLogHandler for job.created
INFO:src.core.events.registry:Registered AuditLogHandler for job.started
INFO:src.core.events.registry:Registered AuditLogHandler for job.completed
INFO:src.core.events.registry:Registered AuditLogHandler for job.failed
INFO:src.core.events.registry:Registered AuditLogHandler for job.cancelled
INFO:src.core.events.registry:Registered AuditLogHandler for permission.granted
INFO:src.core.events.registry:Registered AuditLogHandler for permission.revoked
INFO:src.core.events.registry:Registered AuditLogHandler for branch.created
INFO:src.core.events.registry:Registered AuditLogHandler for branch.deleted
INFO:src.core.events.registry:Registered AuditLogHandler for branch.merged
INFO:src.core.events.registry:Registered AuditLogHandler for import.started
INFO:src.core.events.registry:Registered AuditLogHandler for import.completed
INFO:src.core.events.registry:Registered AuditLogHandler for import.failed
INFO:src.core.events.registry:Registered AuditLogHandler for export.requested
INFO:src.core.events.registry:Registered AuditLogHandler for export.completed
INFO:src.core.events.registry:Registered AuditLogHandler for export.failed
INFO:src.core.events.registry:Registered AuditLogHandler for search.index.updated
INFO:src.core.events.registry:Registered AuditLogHandler for search.index.deleted
INFO:src.core.events.registry:Registered CacheInvalidationHandler for dataset.updated
INFO:src.core.events.registry:Registered CacheInvalidationHandler for dataset.deleted
INFO:src.core.events.registry:Registered CacheInvalidationHandler for commit.created
INFO:src.core.events.registry:Registered CacheInvalidationHandler for user.updated
INFO:src.core.events.registry:Registered CacheInvalidationHandler for user.deleted
INFO:src.core.events.registry:Registered NotificationHandler for dataset.created
INFO:src.core.events.registry:Registered NotificationHandler for job.failed
INFO:src.core.events.registry:Registered NotificationHandler for import.completed
INFO:src.core.events.registry:Registered NotificationHandler for user.deleted
INFO:src.core.events.registry:Wired 4 handlers to event bus
INFO:src.main:Event system initialized with 4 handlers
INFO:src.workers.job_worker:Registered executor for job type: import
INFO:src.workers.job_worker:Registered executor for job type: sampling
INFO:src.workers.job_worker:Registered executor for job type: exploration
INFO:src.workers.job_worker:Registered executor for job type: sql_transform
INFO:src.main:Job worker started
INFO:src.workers.job_worker:Starting job worker...
INFO:     Application startup complete.
[1;34mUpgrade to ydata-sdk[0m
Improve your data and profiling with ydata-sdk, featuring data quality scoring, redundancy detection, outlier identification, text validation, and synthetic data generation.
Register at https://ydata.ai/register
INFO:     127.0.0.1:34368 - "GET /health HTTP/1.1" 200 OK
WARNING:  WatchFiles detected changes in 'test_quick_preview_simple.py'. Reloading...
INFO:     Shutting down
INFO:     Waiting for application shutdown.
INFO:src.main:Shutting down DSA Platform...
INFO:src.workers.job_worker:Stopping job worker...
INFO:src.main:Shutdown complete
INFO:     Application shutdown complete.
INFO:     Finished server process [47121]
/home/saketh/Projects/dsa/venv/lib/python3.10/site-packages/pydantic/_internal/_config.py:373: UserWarning: Valid config keys have changed in V2:
* 'schema_extra' has been renamed to 'json_schema_extra'
  warnings.warn(message, UserWarning)
INFO:visions.backends:Pandas backend loaded 2.2.3
INFO:visions.backends:Numpy backend loaded 2.1.3
INFO:visions.backends:Pyspark backend NOT loaded
INFO:visions.backends:Python backend loaded
INFO:src.api.error_handlers:Error handlers registered successfully
INFO:     Started server process [47268]
INFO:     Waiting for application startup.
INFO:src.main:Starting DSA Platform...
INFO:src.main:Database pool initialized
INFO:src.main:Initializing event system...
INFO:src.core.events.registry:Registered SearchIndexEventHandler for dataset.created
INFO:src.core.events.registry:Registered SearchIndexEventHandler for dataset.updated
INFO:src.core.events.registry:Registered SearchIndexEventHandler for dataset.deleted
INFO:src.core.events.registry:Registered AuditLogHandler for dataset.created
INFO:src.core.events.registry:Registered AuditLogHandler for dataset.updated
INFO:src.core.events.registry:Registered AuditLogHandler for dataset.deleted
INFO:src.core.events.registry:Registered AuditLogHandler for commit.created
INFO:src.core.events.registry:Registered AuditLogHandler for commit.merged
INFO:src.core.events.registry:Registered AuditLogHandler for user.created
INFO:src.core.events.registry:Registered AuditLogHandler for user.updated
INFO:src.core.events.registry:Registered AuditLogHandler for user.deleted
INFO:src.core.events.registry:Registered AuditLogHandler for user.login
INFO:src.core.events.registry:Registered AuditLogHandler for job.created
INFO:src.core.events.registry:Registered AuditLogHandler for job.started
INFO:src.core.events.registry:Registered AuditLogHandler for job.completed
INFO:src.core.events.registry:Registered AuditLogHandler for job.failed
INFO:src.core.events.registry:Registered AuditLogHandler for job.cancelled
INFO:src.core.events.registry:Registered AuditLogHandler for permission.granted
INFO:src.core.events.registry:Registered AuditLogHandler for permission.revoked
INFO:src.core.events.registry:Registered AuditLogHandler for branch.created
INFO:src.core.events.registry:Registered AuditLogHandler for branch.deleted
INFO:src.core.events.registry:Registered AuditLogHandler for branch.merged
INFO:src.core.events.registry:Registered AuditLogHandler for import.started
INFO:src.core.events.registry:Registered AuditLogHandler for import.completed
INFO:src.core.events.registry:Registered AuditLogHandler for import.failed
INFO:src.core.events.registry:Registered AuditLogHandler for export.requested
INFO:src.core.events.registry:Registered AuditLogHandler for export.completed
INFO:src.core.events.registry:Registered AuditLogHandler for export.failed
INFO:src.core.events.registry:Registered AuditLogHandler for search.index.updated
INFO:src.core.events.registry:Registered AuditLogHandler for search.index.deleted
INFO:src.core.events.registry:Registered CacheInvalidationHandler for dataset.updated
INFO:src.core.events.registry:Registered CacheInvalidationHandler for dataset.deleted
INFO:src.core.events.registry:Registered CacheInvalidationHandler for commit.created
INFO:src.core.events.registry:Registered CacheInvalidationHandler for user.updated
INFO:src.core.events.registry:Registered CacheInvalidationHandler for user.deleted
INFO:src.core.events.registry:Registered NotificationHandler for dataset.created
INFO:src.core.events.registry:Registered NotificationHandler for job.failed
INFO:src.core.events.registry:Registered NotificationHandler for import.completed
INFO:src.core.events.registry:Registered NotificationHandler for user.deleted
INFO:src.core.events.registry:Wired 4 handlers to event bus
INFO:src.main:Event system initialized with 4 handlers
INFO:src.workers.job_worker:Registered executor for job type: import
INFO:src.workers.job_worker:Registered executor for job type: sampling
INFO:src.workers.job_worker:Registered executor for job type: exploration
INFO:src.workers.job_worker:Registered executor for job type: sql_transform
INFO:src.main:Job worker started
INFO:src.workers.job_worker:Starting job worker...
INFO:     Application startup complete.
ERROR:src.features.base_handler:Unexpected error in SqlWorkbenchService: f-string expression part cannot include a backslash (sql_workbench_optimization.py, line 99)
Traceback (most recent call last):
  File "/home/saketh/Projects/dsa/src/features/base_handler.py", line 39, in wrapper
    return await func(self, *args, **kwargs)
  File "/home/saketh/Projects/dsa/src/features/sql_workbench/services/sql_workbench_service.py", line 70, in transform_sql
    return await self._handle_preview_mode(request, user_id)
  File "/home/saketh/Projects/dsa/src/features/sql_workbench/services/sql_workbench_service.py", line 265, in _handle_preview_mode
    from .sql_workbench_optimization import optimize_preview_query
  File "/home/saketh/Projects/dsa/src/features/sql_workbench/services/sql_workbench_optimization.py", line 99
    """
       ^
SyntaxError: f-string expression part cannot include a backslash
[1;34mUpgrade to ydata-sdk[0m
Improve your data and profiling with ydata-sdk, featuring data quality scoring, redundancy detection, outlier identification, text validation, and synthetic data generation.
Register at https://ydata.ai/register
INFO:     127.0.0.1:40810 - "POST /api/workbench/sql-transform HTTP/1.1" 500 Internal Server Error
INFO:src.features.sql_workbench.services.sql_workbench_service:Using quick preview with random sampling for approximate results
INFO:src.features.sql_workbench.utils.sql_executor:Executing quick preview with 1.0% sampling
INFO:     127.0.0.1:40814 - "POST /api/workbench/sql-transform HTTP/1.1" 200 OK
INFO:src.features.sql_workbench.services.sql_workbench_service:Using quick preview with random sampling for approximate results
INFO:src.features.sql_workbench.utils.sql_executor:Executing quick preview with 0.1% sampling
INFO:     127.0.0.1:40830 - "POST /api/workbench/sql-transform HTTP/1.1" 200 OK
INFO:src.features.sql_workbench.services.sql_workbench_service:Using quick preview with random sampling for approximate results
INFO:src.features.sql_workbench.utils.sql_executor:Executing quick preview with 1.0% sampling
INFO:     127.0.0.1:40844 - "POST /api/workbench/sql-transform HTTP/1.1" 200 OK
INFO:src.features.sql_workbench.services.sql_workbench_service:Using quick preview with random sampling for approximate results
INFO:src.features.sql_workbench.utils.sql_executor:Executing quick preview with 5.0% sampling
INFO:     127.0.0.1:40850 - "POST /api/workbench/sql-transform HTTP/1.1" 200 OK
WARNING:  WatchFiles detected changes in 'src/features/sql_workbench/services/sql_workbench_optimization.py'. Reloading...
INFO:     Shutting down
INFO:     Waiting for application shutdown.
INFO:src.main:Shutting down DSA Platform...
INFO:src.workers.job_worker:Stopping job worker...
INFO:src.main:Shutdown complete
INFO:     Application shutdown complete.
INFO:     Finished server process [47268]
/home/saketh/Projects/dsa/venv/lib/python3.10/site-packages/pydantic/_internal/_config.py:373: UserWarning: Valid config keys have changed in V2:
* 'schema_extra' has been renamed to 'json_schema_extra'
  warnings.warn(message, UserWarning)
INFO:visions.backends:Pandas backend loaded 2.2.3
INFO:visions.backends:Numpy backend loaded 2.1.3
INFO:visions.backends:Pyspark backend NOT loaded
INFO:visions.backends:Python backend loaded
INFO:src.api.error_handlers:Error handlers registered successfully
INFO:     Started server process [47352]
INFO:     Waiting for application startup.
INFO:src.main:Starting DSA Platform...
INFO:src.main:Database pool initialized
INFO:src.main:Initializing event system...
INFO:src.core.events.registry:Registered SearchIndexEventHandler for dataset.created
INFO:src.core.events.registry:Registered SearchIndexEventHandler for dataset.updated
INFO:src.core.events.registry:Registered SearchIndexEventHandler for dataset.deleted
INFO:src.core.events.registry:Registered AuditLogHandler for dataset.created
INFO:src.core.events.registry:Registered AuditLogHandler for dataset.updated
INFO:src.core.events.registry:Registered AuditLogHandler for dataset.deleted
INFO:src.core.events.registry:Registered AuditLogHandler for commit.created
INFO:src.core.events.registry:Registered AuditLogHandler for commit.merged
INFO:src.core.events.registry:Registered AuditLogHandler for user.created
INFO:src.core.events.registry:Registered AuditLogHandler for user.updated
INFO:src.core.events.registry:Registered AuditLogHandler for user.deleted
INFO:src.core.events.registry:Registered AuditLogHandler for user.login
INFO:src.core.events.registry:Registered AuditLogHandler for job.created
INFO:src.core.events.registry:Registered AuditLogHandler for job.started
INFO:src.core.events.registry:Registered AuditLogHandler for job.completed
INFO:src.core.events.registry:Registered AuditLogHandler for job.failed
INFO:src.core.events.registry:Registered AuditLogHandler for job.cancelled
INFO:src.core.events.registry:Registered AuditLogHandler for permission.granted
INFO:src.core.events.registry:Registered AuditLogHandler for permission.revoked
INFO:src.core.events.registry:Registered AuditLogHandler for branch.created
INFO:src.core.events.registry:Registered AuditLogHandler for branch.deleted
INFO:src.core.events.registry:Registered AuditLogHandler for branch.merged
INFO:src.core.events.registry:Registered AuditLogHandler for import.started
INFO:src.core.events.registry:Registered AuditLogHandler for import.completed
INFO:src.core.events.registry:Registered AuditLogHandler for import.failed
INFO:src.core.events.registry:Registered AuditLogHandler for export.requested
INFO:src.core.events.registry:Registered AuditLogHandler for export.completed
INFO:src.core.events.registry:Registered AuditLogHandler for export.failed
INFO:src.core.events.registry:Registered AuditLogHandler for search.index.updated
INFO:src.core.events.registry:Registered AuditLogHandler for search.index.deleted
INFO:src.core.events.registry:Registered CacheInvalidationHandler for dataset.updated
INFO:src.core.events.registry:Registered CacheInvalidationHandler for dataset.deleted
INFO:src.core.events.registry:Registered CacheInvalidationHandler for commit.created
INFO:src.core.events.registry:Registered CacheInvalidationHandler for user.updated
INFO:src.core.events.registry:Registered CacheInvalidationHandler for user.deleted
INFO:src.core.events.registry:Registered NotificationHandler for dataset.created
INFO:src.core.events.registry:Registered NotificationHandler for job.failed
INFO:src.core.events.registry:Registered NotificationHandler for import.completed
INFO:src.core.events.registry:Registered NotificationHandler for user.deleted
INFO:src.core.events.registry:Wired 4 handlers to event bus
INFO:src.main:Event system initialized with 4 handlers
INFO:src.workers.job_worker:Registered executor for job type: import
INFO:src.workers.job_worker:Registered executor for job type: sampling
INFO:src.workers.job_worker:Registered executor for job type: exploration
INFO:src.workers.job_worker:Registered executor for job type: sql_transform
INFO:src.main:Job worker started
INFO:src.workers.job_worker:Starting job worker...
INFO:     Application startup complete.
[1;34mUpgrade to ydata-sdk[0m
Improve your data and profiling with ydata-sdk, featuring data quality scoring, redundancy detection, outlier identification, text validation, and synthetic data generation.
Register at https://ydata.ai/register
INFO:     127.0.0.1:39372 - "POST /api/workbench/sql-transform HTTP/1.1" 200 OK
INFO:src.features.sql_workbench.services.sql_workbench_service:Using quick preview with random sampling for approximate results
INFO:src.features.sql_workbench.utils.sql_executor:Executing quick preview with 1.0% sampling
INFO:     127.0.0.1:39376 - "POST /api/workbench/sql-transform HTTP/1.1" 200 OK
INFO:src.features.sql_workbench.services.sql_workbench_service:Using quick preview with random sampling for approximate results
INFO:src.features.sql_workbench.utils.sql_executor:Executing quick preview with 0.1% sampling
INFO:     127.0.0.1:39388 - "POST /api/workbench/sql-transform HTTP/1.1" 200 OK
INFO:src.features.sql_workbench.services.sql_workbench_service:Using quick preview with random sampling for approximate results
INFO:src.features.sql_workbench.utils.sql_executor:Executing quick preview with 1.0% sampling
INFO:     127.0.0.1:39392 - "POST /api/workbench/sql-transform HTTP/1.1" 200 OK
INFO:src.features.sql_workbench.services.sql_workbench_service:Using quick preview with random sampling for approximate results
INFO:src.features.sql_workbench.utils.sql_executor:Executing quick preview with 5.0% sampling
INFO:     127.0.0.1:39406 - "POST /api/workbench/sql-transform HTTP/1.1" 200 OK
WARNING:  WatchFiles detected changes in 'test_sampling_verification.py'. Reloading...
INFO:     Shutting down
INFO:     Waiting for application shutdown.
INFO:src.main:Shutting down DSA Platform...
INFO:src.workers.job_worker:Stopping job worker...
INFO:src.main:Shutdown complete
INFO:     Application shutdown complete.
INFO:     Finished server process [47352]
/home/saketh/Projects/dsa/venv/lib/python3.10/site-packages/pydantic/_internal/_config.py:373: UserWarning: Valid config keys have changed in V2:
* 'schema_extra' has been renamed to 'json_schema_extra'
  warnings.warn(message, UserWarning)
INFO:visions.backends:Pandas backend loaded 2.2.3
INFO:visions.backends:Numpy backend loaded 2.1.3
INFO:visions.backends:Pyspark backend NOT loaded
INFO:visions.backends:Python backend loaded
INFO:src.api.error_handlers:Error handlers registered successfully
INFO:     Started server process [47510]
INFO:     Waiting for application startup.
INFO:src.main:Starting DSA Platform...
INFO:src.main:Database pool initialized
INFO:src.main:Initializing event system...
INFO:src.core.events.registry:Registered SearchIndexEventHandler for dataset.created
INFO:src.core.events.registry:Registered SearchIndexEventHandler for dataset.updated
INFO:src.core.events.registry:Registered SearchIndexEventHandler for dataset.deleted
INFO:src.core.events.registry:Registered AuditLogHandler for dataset.created
INFO:src.core.events.registry:Registered AuditLogHandler for dataset.updated
INFO:src.core.events.registry:Registered AuditLogHandler for dataset.deleted
INFO:src.core.events.registry:Registered AuditLogHandler for commit.created
INFO:src.core.events.registry:Registered AuditLogHandler for commit.merged
INFO:src.core.events.registry:Registered AuditLogHandler for user.created
INFO:src.core.events.registry:Registered AuditLogHandler for user.updated
INFO:src.core.events.registry:Registered AuditLogHandler for user.deleted
INFO:src.core.events.registry:Registered AuditLogHandler for user.login
INFO:src.core.events.registry:Registered AuditLogHandler for job.created
INFO:src.core.events.registry:Registered AuditLogHandler for job.started
INFO:src.core.events.registry:Registered AuditLogHandler for job.completed
INFO:src.core.events.registry:Registered AuditLogHandler for job.failed
INFO:src.core.events.registry:Registered AuditLogHandler for job.cancelled
INFO:src.core.events.registry:Registered AuditLogHandler for permission.granted
INFO:src.core.events.registry:Registered AuditLogHandler for permission.revoked
INFO:src.core.events.registry:Registered AuditLogHandler for branch.created
INFO:src.core.events.registry:Registered AuditLogHandler for branch.deleted
INFO:src.core.events.registry:Registered AuditLogHandler for branch.merged
INFO:src.core.events.registry:Registered AuditLogHandler for import.started
INFO:src.core.events.registry:Registered AuditLogHandler for import.completed
INFO:src.core.events.registry:Registered AuditLogHandler for import.failed
INFO:src.core.events.registry:Registered AuditLogHandler for export.requested
INFO:src.core.events.registry:Registered AuditLogHandler for export.completed
INFO:src.core.events.registry:Registered AuditLogHandler for export.failed
INFO:src.core.events.registry:Registered AuditLogHandler for search.index.updated
INFO:src.core.events.registry:Registered AuditLogHandler for search.index.deleted
INFO:src.core.events.registry:Registered CacheInvalidationHandler for dataset.updated
INFO:src.core.events.registry:Registered CacheInvalidationHandler for dataset.deleted
INFO:src.core.events.registry:Registered CacheInvalidationHandler for commit.created
INFO:src.core.events.registry:Registered CacheInvalidationHandler for user.updated
INFO:src.core.events.registry:Registered CacheInvalidationHandler for user.deleted
INFO:src.core.events.registry:Registered NotificationHandler for dataset.created
INFO:src.core.events.registry:Registered NotificationHandler for job.failed
INFO:src.core.events.registry:Registered NotificationHandler for import.completed
INFO:src.core.events.registry:Registered NotificationHandler for user.deleted
INFO:src.core.events.registry:Wired 4 handlers to event bus
INFO:src.main:Event system initialized with 4 handlers
INFO:src.workers.job_worker:Registered executor for job type: import
INFO:src.workers.job_worker:Registered executor for job type: sampling
INFO:src.workers.job_worker:Registered executor for job type: exploration
INFO:src.workers.job_worker:Registered executor for job type: sql_transform
INFO:src.main:Job worker started
INFO:src.workers.job_worker:Starting job worker...
INFO:     Application startup complete.
INFO:src.features.sql_workbench.services.sql_workbench_service:Using quick preview with random sampling for approximate results
INFO:src.features.sql_workbench.utils.sql_executor:Executing quick preview with 10.0% sampling
[1;34mUpgrade to ydata-sdk[0m
Improve your data and profiling with ydata-sdk, featuring data quality scoring, redundancy detection, outlier identification, text validation, and synthetic data generation.
Register at https://ydata.ai/register
INFO:     127.0.0.1:53064 - "POST /api/workbench/sql-transform HTTP/1.1" 200 OK
INFO:src.features.sql_workbench.services.sql_workbench_service:Using quick preview with random sampling for approximate results
INFO:src.features.sql_workbench.utils.sql_executor:Executing quick preview with 25.0% sampling
INFO:     127.0.0.1:53070 - "POST /api/workbench/sql-transform HTTP/1.1" 200 OK
INFO:src.features.sql_workbench.services.sql_workbench_service:Using quick preview with random sampling for approximate results
INFO:src.features.sql_workbench.utils.sql_executor:Executing quick preview with 50.0% sampling
INFO:     127.0.0.1:53086 - "POST /api/workbench/sql-transform HTTP/1.1" 200 OK
INFO:src.features.sql_workbench.services.sql_workbench_service:Using quick preview with random sampling for approximate results
INFO:src.features.sql_workbench.utils.sql_executor:Executing quick preview with 75.0% sampling
INFO:     127.0.0.1:53094 - "POST /api/workbench/sql-transform HTTP/1.1" 200 OK
INFO:src.features.sql_workbench.services.sql_workbench_service:Using quick preview with random sampling for approximate results
INFO:src.features.sql_workbench.utils.sql_executor:Executing quick preview with 100.0% sampling
INFO:     127.0.0.1:53108 - "POST /api/workbench/sql-transform HTTP/1.1" 200 OK
INFO:src.features.sql_workbench.services.sql_workbench_service:Using quick preview with random sampling for approximate results
INFO:src.features.sql_workbench.utils.sql_executor:Executing quick preview with 50.0% sampling
INFO:     127.0.0.1:53112 - "POST /api/workbench/sql-transform HTTP/1.1" 200 OK
INFO:     127.0.0.1:54698 - "OPTIONS /api/roles HTTP/1.1" 200 OK
INFO:     127.0.0.1:54704 - "OPTIONS /api/users?offset=0&limit=10 HTTP/1.1" 200 OK
INFO:     127.0.0.1:54698 - "GET /api/roles HTTP/1.1" 404 Not Found
INFO:     127.0.0.1:54704 - "GET /api/users?offset=0&limit=10 HTTP/1.1" 200 OK
