INFO:     Will watch for changes in these directories: ['/home/saketh/Projects/dsa']
INFO:     Uvicorn running on http://127.0.0.1:8000 (Press CTRL+C to quit)
INFO:     Started reloader process [71287] using WatchFiles
/home/saketh/.local/lib/python3.10/site-packages/pydantic/_internal/_config.py:373: UserWarning: Valid config keys have changed in V2:
* 'schema_extra' has been renamed to 'json_schema_extra'
  warnings.warn(message, UserWarning)
INFO:visions.backends:Pandas backend loaded 2.2.3
INFO:visions.backends:Numpy backend loaded 2.1.3
INFO:visions.backends:Pyspark backend NOT loaded
INFO:visions.backends:Python backend loaded
INFO:src.api.error_handlers:Error handlers registered successfully
INFO:     Started server process [71291]
INFO:     Waiting for application startup.
INFO:src.main:Starting DSA Platform...
INFO:src.main:Database pool initialized
INFO:src.main:Initializing event system...
INFO:src.core.events.registry:Registered SearchIndexEventHandler for dataset.created
INFO:src.core.events.registry:Registered SearchIndexEventHandler for dataset.updated
INFO:src.core.events.registry:Registered SearchIndexEventHandler for dataset.deleted
INFO:src.core.events.registry:Registered AuditLogHandler for dataset.created
INFO:src.core.events.registry:Registered AuditLogHandler for dataset.updated
INFO:src.core.events.registry:Registered AuditLogHandler for dataset.deleted
INFO:src.core.events.registry:Registered AuditLogHandler for commit.created
INFO:src.core.events.registry:Registered AuditLogHandler for commit.merged
INFO:src.core.events.registry:Registered AuditLogHandler for user.created
INFO:src.core.events.registry:Registered AuditLogHandler for user.updated
INFO:src.core.events.registry:Registered AuditLogHandler for user.deleted
INFO:src.core.events.registry:Registered AuditLogHandler for user.login
INFO:src.core.events.registry:Registered AuditLogHandler for job.created
INFO:src.core.events.registry:Registered AuditLogHandler for job.started
INFO:src.core.events.registry:Registered AuditLogHandler for job.completed
INFO:src.core.events.registry:Registered AuditLogHandler for job.failed
INFO:src.core.events.registry:Registered AuditLogHandler for job.cancelled
INFO:src.core.events.registry:Registered AuditLogHandler for permission.granted
INFO:src.core.events.registry:Registered AuditLogHandler for permission.revoked
INFO:src.core.events.registry:Registered AuditLogHandler for branch.created
INFO:src.core.events.registry:Registered AuditLogHandler for branch.deleted
INFO:src.core.events.registry:Registered AuditLogHandler for branch.merged
INFO:src.core.events.registry:Registered AuditLogHandler for import.started
INFO:src.core.events.registry:Registered AuditLogHandler for import.completed
INFO:src.core.events.registry:Registered AuditLogHandler for import.failed
INFO:src.core.events.registry:Registered AuditLogHandler for export.requested
INFO:src.core.events.registry:Registered AuditLogHandler for export.completed
INFO:src.core.events.registry:Registered AuditLogHandler for export.failed
INFO:src.core.events.registry:Registered AuditLogHandler for search.index.updated
INFO:src.core.events.registry:Registered AuditLogHandler for search.index.deleted
INFO:src.core.events.registry:Registered CacheInvalidationHandler for dataset.updated
INFO:src.core.events.registry:Registered CacheInvalidationHandler for dataset.deleted
INFO:src.core.events.registry:Registered CacheInvalidationHandler for commit.created
INFO:src.core.events.registry:Registered CacheInvalidationHandler for user.updated
INFO:src.core.events.registry:Registered CacheInvalidationHandler for user.deleted
INFO:src.core.events.registry:Registered NotificationHandler for dataset.created
INFO:src.core.events.registry:Registered NotificationHandler for job.failed
INFO:src.core.events.registry:Registered NotificationHandler for import.completed
INFO:src.core.events.registry:Registered NotificationHandler for user.deleted
INFO:src.core.events.registry:Wired 4 handlers to event bus
INFO:src.main:Event system initialized with 4 handlers
INFO:src.workers.job_worker:Registered executor for job type: import
INFO:src.workers.job_worker:Registered executor for job type: sampling
INFO:src.workers.job_worker:Registered executor for job type: exploration
INFO:src.workers.job_worker:Registered executor for job type: sql_transform
INFO:src.main:Job worker started
INFO:src.workers.job_worker:Starting job worker...
INFO:     Application startup complete.
WARNING:  WatchFiles detected changes in 'src/features/sampling/services/sampling_service.py'. Reloading...
INFO:     Shutting down
INFO:     Waiting for application shutdown.
INFO:src.main:Shutting down DSA Platform...
INFO:src.workers.job_worker:Stopping job worker...
INFO:src.main:Shutdown complete
INFO:     Application shutdown complete.
INFO:     Finished server process [71291]
/home/saketh/.local/lib/python3.10/site-packages/pydantic/_internal/_config.py:373: UserWarning: Valid config keys have changed in V2:
* 'schema_extra' has been renamed to 'json_schema_extra'
  warnings.warn(message, UserWarning)
INFO:visions.backends:Pandas backend loaded 2.2.3
INFO:visions.backends:Numpy backend loaded 2.1.3
INFO:visions.backends:Pyspark backend NOT loaded
INFO:visions.backends:Python backend loaded
INFO:src.api.error_handlers:Error handlers registered successfully
INFO:     Started server process [71379]
INFO:     Waiting for application startup.
INFO:src.main:Starting DSA Platform...
INFO:src.main:Database pool initialized
INFO:src.main:Initializing event system...
INFO:src.core.events.registry:Registered SearchIndexEventHandler for dataset.created
INFO:src.core.events.registry:Registered SearchIndexEventHandler for dataset.updated
INFO:src.core.events.registry:Registered SearchIndexEventHandler for dataset.deleted
INFO:src.core.events.registry:Registered AuditLogHandler for dataset.created
INFO:src.core.events.registry:Registered AuditLogHandler for dataset.updated
INFO:src.core.events.registry:Registered AuditLogHandler for dataset.deleted
INFO:src.core.events.registry:Registered AuditLogHandler for commit.created
INFO:src.core.events.registry:Registered AuditLogHandler for commit.merged
INFO:src.core.events.registry:Registered AuditLogHandler for user.created
INFO:src.core.events.registry:Registered AuditLogHandler for user.updated
INFO:src.core.events.registry:Registered AuditLogHandler for user.deleted
INFO:src.core.events.registry:Registered AuditLogHandler for user.login
INFO:src.core.events.registry:Registered AuditLogHandler for job.created
INFO:src.core.events.registry:Registered AuditLogHandler for job.started
INFO:src.core.events.registry:Registered AuditLogHandler for job.completed
INFO:src.core.events.registry:Registered AuditLogHandler for job.failed
INFO:src.core.events.registry:Registered AuditLogHandler for job.cancelled
INFO:src.core.events.registry:Registered AuditLogHandler for permission.granted
INFO:src.core.events.registry:Registered AuditLogHandler for permission.revoked
INFO:src.core.events.registry:Registered AuditLogHandler for branch.created
INFO:src.core.events.registry:Registered AuditLogHandler for branch.deleted
INFO:src.core.events.registry:Registered AuditLogHandler for branch.merged
INFO:src.core.events.registry:Registered AuditLogHandler for import.started
INFO:src.core.events.registry:Registered AuditLogHandler for import.completed
INFO:src.core.events.registry:Registered AuditLogHandler for import.failed
INFO:src.core.events.registry:Registered AuditLogHandler for export.requested
INFO:src.core.events.registry:Registered AuditLogHandler for export.completed
INFO:src.core.events.registry:Registered AuditLogHandler for export.failed
INFO:src.core.events.registry:Registered AuditLogHandler for search.index.updated
INFO:src.core.events.registry:Registered AuditLogHandler for search.index.deleted
INFO:src.core.events.registry:Registered CacheInvalidationHandler for dataset.updated
INFO:src.core.events.registry:Registered CacheInvalidationHandler for dataset.deleted
INFO:src.core.events.registry:Registered CacheInvalidationHandler for commit.created
INFO:src.core.events.registry:Registered CacheInvalidationHandler for user.updated
INFO:src.core.events.registry:Registered CacheInvalidationHandler for user.deleted
INFO:src.core.events.registry:Registered NotificationHandler for dataset.created
INFO:src.core.events.registry:Registered NotificationHandler for job.failed
INFO:src.core.events.registry:Registered NotificationHandler for import.completed
INFO:src.core.events.registry:Registered NotificationHandler for user.deleted
INFO:src.core.events.registry:Wired 4 handlers to event bus
INFO:src.main:Event system initialized with 4 handlers
INFO:src.workers.job_worker:Registered executor for job type: import
INFO:src.workers.job_worker:Registered executor for job type: sampling
INFO:src.workers.job_worker:Registered executor for job type: exploration
INFO:src.workers.job_worker:Registered executor for job type: sql_transform
INFO:src.main:Job worker started
INFO:src.workers.job_worker:Starting job worker...
INFO:     Application startup complete.
WARNING:  WatchFiles detected changes in 'src/features/sampling/services/__init__.py'. Reloading...
INFO:     Shutting down
INFO:     Waiting for application shutdown.
INFO:src.main:Shutting down DSA Platform...
INFO:src.workers.job_worker:Stopping job worker...
INFO:src.main:Shutdown complete
INFO:     Application shutdown complete.
INFO:     Finished server process [71379]
/home/saketh/.local/lib/python3.10/site-packages/pydantic/_internal/_config.py:373: UserWarning: Valid config keys have changed in V2:
* 'schema_extra' has been renamed to 'json_schema_extra'
  warnings.warn(message, UserWarning)
INFO:visions.backends:Pandas backend loaded 2.2.3
INFO:visions.backends:Numpy backend loaded 2.1.3
INFO:visions.backends:Pyspark backend NOT loaded
INFO:visions.backends:Python backend loaded
INFO:src.api.error_handlers:Error handlers registered successfully
INFO:     Started server process [71465]
INFO:     Waiting for application startup.
INFO:src.main:Starting DSA Platform...
INFO:src.main:Database pool initialized
INFO:src.main:Initializing event system...
INFO:src.core.events.registry:Registered SearchIndexEventHandler for dataset.created
INFO:src.core.events.registry:Registered SearchIndexEventHandler for dataset.updated
INFO:src.core.events.registry:Registered SearchIndexEventHandler for dataset.deleted
INFO:src.core.events.registry:Registered AuditLogHandler for dataset.created
INFO:src.core.events.registry:Registered AuditLogHandler for dataset.updated
INFO:src.core.events.registry:Registered AuditLogHandler for dataset.deleted
INFO:src.core.events.registry:Registered AuditLogHandler for commit.created
INFO:src.core.events.registry:Registered AuditLogHandler for commit.merged
INFO:src.core.events.registry:Registered AuditLogHandler for user.created
INFO:src.core.events.registry:Registered AuditLogHandler for user.updated
INFO:src.core.events.registry:Registered AuditLogHandler for user.deleted
INFO:src.core.events.registry:Registered AuditLogHandler for user.login
INFO:src.core.events.registry:Registered AuditLogHandler for job.created
INFO:src.core.events.registry:Registered AuditLogHandler for job.started
INFO:src.core.events.registry:Registered AuditLogHandler for job.completed
INFO:src.core.events.registry:Registered AuditLogHandler for job.failed
INFO:src.core.events.registry:Registered AuditLogHandler for job.cancelled
INFO:src.core.events.registry:Registered AuditLogHandler for permission.granted
INFO:src.core.events.registry:Registered AuditLogHandler for permission.revoked
INFO:src.core.events.registry:Registered AuditLogHandler for branch.created
INFO:src.core.events.registry:Registered AuditLogHandler for branch.deleted
INFO:src.core.events.registry:Registered AuditLogHandler for branch.merged
INFO:src.core.events.registry:Registered AuditLogHandler for import.started
INFO:src.core.events.registry:Registered AuditLogHandler for import.completed
INFO:src.core.events.registry:Registered AuditLogHandler for import.failed
INFO:src.core.events.registry:Registered AuditLogHandler for export.requested
INFO:src.core.events.registry:Registered AuditLogHandler for export.completed
INFO:src.core.events.registry:Registered AuditLogHandler for export.failed
INFO:src.core.events.registry:Registered AuditLogHandler for search.index.updated
INFO:src.core.events.registry:Registered AuditLogHandler for search.index.deleted
INFO:src.core.events.registry:Registered CacheInvalidationHandler for dataset.updated
INFO:src.core.events.registry:Registered CacheInvalidationHandler for dataset.deleted
INFO:src.core.events.registry:Registered CacheInvalidationHandler for commit.created
INFO:src.core.events.registry:Registered CacheInvalidationHandler for user.updated
INFO:src.core.events.registry:Registered CacheInvalidationHandler for user.deleted
INFO:src.core.events.registry:Registered NotificationHandler for dataset.created
INFO:src.core.events.registry:Registered NotificationHandler for job.failed
INFO:src.core.events.registry:Registered NotificationHandler for import.completed
INFO:src.core.events.registry:Registered NotificationHandler for user.deleted
INFO:src.core.events.registry:Wired 4 handlers to event bus
INFO:src.main:Event system initialized with 4 handlers
INFO:src.workers.job_worker:Registered executor for job type: import
INFO:src.workers.job_worker:Registered executor for job type: sampling
INFO:src.workers.job_worker:Registered executor for job type: exploration
INFO:src.workers.job_worker:Registered executor for job type: sql_transform
INFO:src.main:Job worker started
INFO:src.workers.job_worker:Starting job worker...
INFO:     Application startup complete.
WARNING:  WatchFiles detected changes in 'src/api/sampling.py'. Reloading...
INFO:     Shutting down
INFO:     Waiting for application shutdown.
INFO:src.main:Shutting down DSA Platform...
INFO:src.workers.job_worker:Stopping job worker...
INFO:src.main:Shutdown complete
INFO:     Application shutdown complete.
INFO:     Finished server process [71465]
/home/saketh/.local/lib/python3.10/site-packages/pydantic/_internal/_config.py:373: UserWarning: Valid config keys have changed in V2:
* 'schema_extra' has been renamed to 'json_schema_extra'
  warnings.warn(message, UserWarning)
Process SpawnProcess-4:
Traceback (most recent call last):
  File "/usr/lib/python3.10/multiprocessing/process.py", line 314, in _bootstrap
    self.run()
  File "/usr/lib/python3.10/multiprocessing/process.py", line 108, in run
    self._target(*self._args, **self._kwargs)
  File "/home/saketh/.local/lib/python3.10/site-packages/uvicorn/_subprocess.py", line 80, in subprocess_started
    target(sockets=sockets)
  File "/home/saketh/.local/lib/python3.10/site-packages/uvicorn/server.py", line 66, in run
    return asyncio.run(self.serve(sockets=sockets))
  File "/usr/lib/python3.10/asyncio/runners.py", line 44, in run
    return loop.run_until_complete(main)
  File "uvloop/loop.pyx", line 1518, in uvloop.loop.Loop.run_until_complete
  File "/home/saketh/.local/lib/python3.10/site-packages/uvicorn/server.py", line 70, in serve
    await self._serve(sockets)
  File "/home/saketh/.local/lib/python3.10/site-packages/uvicorn/server.py", line 77, in _serve
    config.load()
  File "/home/saketh/.local/lib/python3.10/site-packages/uvicorn/config.py", line 435, in load
    self.loaded_app = import_from_string(self.app)
  File "/home/saketh/.local/lib/python3.10/site-packages/uvicorn/importer.py", line 22, in import_from_string
    raise exc from None
  File "/home/saketh/.local/lib/python3.10/site-packages/uvicorn/importer.py", line 19, in import_from_string
    module = importlib.import_module(module_str)
  File "/usr/lib/python3.10/importlib/__init__.py", line 126, in import_module
    return _bootstrap._gcd_import(name[level:], package, level)
  File "<frozen importlib._bootstrap>", line 1050, in _gcd_import
  File "<frozen importlib._bootstrap>", line 1027, in _find_and_load
  File "<frozen importlib._bootstrap>", line 1006, in _find_and_load_unlocked
  File "<frozen importlib._bootstrap>", line 688, in _load_unlocked
  File "<frozen importlib._bootstrap_external>", line 883, in exec_module
  File "<frozen importlib._bootstrap>", line 241, in _call_with_frames_removed
  File "/home/saketh/Projects/dsa/src/main.py", line 25, in <module>
    from .api import users, datasets, versioning, jobs, search, sampling, exploration, workbench, downloads
  File "/home/saketh/Projects/dsa/src/api/sampling.py", line 17, in <module>
    from ..features.sampling.services import SamplingService
  File "/home/saketh/Projects/dsa/src/features/sampling/services/__init__.py", line 3, in <module>
    from .sampling_service import SamplingService, SamplingJobResponse
  File "/home/saketh/Projects/dsa/src/features/sampling/services/sampling_service.py", line 15, in <module>
    from src.core.services.sampling_service import SamplingService as CoreSamplingService
ModuleNotFoundError: No module named 'src.core.services'
WARNING:  WatchFiles detected changes in 'src/api/sampling.py'. Reloading...
/home/saketh/.local/lib/python3.10/site-packages/pydantic/_internal/_config.py:373: UserWarning: Valid config keys have changed in V2:
* 'schema_extra' has been renamed to 'json_schema_extra'
  warnings.warn(message, UserWarning)
Process SpawnProcess-5:
Traceback (most recent call last):
  File "/usr/lib/python3.10/multiprocessing/process.py", line 314, in _bootstrap
    self.run()
  File "/usr/lib/python3.10/multiprocessing/process.py", line 108, in run
    self._target(*self._args, **self._kwargs)
  File "/home/saketh/.local/lib/python3.10/site-packages/uvicorn/_subprocess.py", line 80, in subprocess_started
    target(sockets=sockets)
  File "/home/saketh/.local/lib/python3.10/site-packages/uvicorn/server.py", line 66, in run
    return asyncio.run(self.serve(sockets=sockets))
  File "/usr/lib/python3.10/asyncio/runners.py", line 44, in run
    return loop.run_until_complete(main)
  File "uvloop/loop.pyx", line 1518, in uvloop.loop.Loop.run_until_complete
  File "/home/saketh/.local/lib/python3.10/site-packages/uvicorn/server.py", line 70, in serve
    await self._serve(sockets)
  File "/home/saketh/.local/lib/python3.10/site-packages/uvicorn/server.py", line 77, in _serve
    config.load()
  File "/home/saketh/.local/lib/python3.10/site-packages/uvicorn/config.py", line 435, in load
    self.loaded_app = import_from_string(self.app)
  File "/home/saketh/.local/lib/python3.10/site-packages/uvicorn/importer.py", line 22, in import_from_string
    raise exc from None
  File "/home/saketh/.local/lib/python3.10/site-packages/uvicorn/importer.py", line 19, in import_from_string
    module = importlib.import_module(module_str)
  File "/usr/lib/python3.10/importlib/__init__.py", line 126, in import_module
    return _bootstrap._gcd_import(name[level:], package, level)
  File "<frozen importlib._bootstrap>", line 1050, in _gcd_import
  File "<frozen importlib._bootstrap>", line 1027, in _find_and_load
  File "<frozen importlib._bootstrap>", line 1006, in _find_and_load_unlocked
  File "<frozen importlib._bootstrap>", line 688, in _load_unlocked
  File "<frozen importlib._bootstrap_external>", line 883, in exec_module
  File "<frozen importlib._bootstrap>", line 241, in _call_with_frames_removed
  File "/home/saketh/Projects/dsa/src/main.py", line 25, in <module>
    from .api import users, datasets, versioning, jobs, search, sampling, exploration, workbench, downloads
  File "/home/saketh/Projects/dsa/src/api/sampling.py", line 17, in <module>
    from ..features.sampling.services import SamplingService
  File "/home/saketh/Projects/dsa/src/features/sampling/services/__init__.py", line 3, in <module>
    from .sampling_service import SamplingService, SamplingJobResponse
  File "/home/saketh/Projects/dsa/src/features/sampling/services/sampling_service.py", line 15, in <module>
    from src.core.services.sampling_service import SamplingService as CoreSamplingService
ModuleNotFoundError: No module named 'src.core.services'
WARNING:  WatchFiles detected changes in 'src/features/sampling/handlers/get_sampling_methods.py', 'src/features/sampling/handlers/create_sampling_job.py', 'src/features/sampling/handlers/get_sampling_history.py', 'src/features/sampling/handlers/get_job_data.py'. Reloading...
/home/saketh/.local/lib/python3.10/site-packages/pydantic/_internal/_config.py:373: UserWarning: Valid config keys have changed in V2:
* 'schema_extra' has been renamed to 'json_schema_extra'
  warnings.warn(message, UserWarning)
Process SpawnProcess-6:
Traceback (most recent call last):
  File "/usr/lib/python3.10/multiprocessing/process.py", line 314, in _bootstrap
    self.run()
  File "/usr/lib/python3.10/multiprocessing/process.py", line 108, in run
    self._target(*self._args, **self._kwargs)
  File "/home/saketh/.local/lib/python3.10/site-packages/uvicorn/_subprocess.py", line 80, in subprocess_started
    target(sockets=sockets)
  File "/home/saketh/.local/lib/python3.10/site-packages/uvicorn/server.py", line 66, in run
    return asyncio.run(self.serve(sockets=sockets))
  File "/usr/lib/python3.10/asyncio/runners.py", line 44, in run
    return loop.run_until_complete(main)
  File "uvloop/loop.pyx", line 1518, in uvloop.loop.Loop.run_until_complete
  File "/home/saketh/.local/lib/python3.10/site-packages/uvicorn/server.py", line 70, in serve
    await self._serve(sockets)
  File "/home/saketh/.local/lib/python3.10/site-packages/uvicorn/server.py", line 77, in _serve
    config.load()
  File "/home/saketh/.local/lib/python3.10/site-packages/uvicorn/config.py", line 435, in load
    self.loaded_app = import_from_string(self.app)
  File "/home/saketh/.local/lib/python3.10/site-packages/uvicorn/importer.py", line 22, in import_from_string
    raise exc from None
  File "/home/saketh/.local/lib/python3.10/site-packages/uvicorn/importer.py", line 19, in import_from_string
    module = importlib.import_module(module_str)
  File "/usr/lib/python3.10/importlib/__init__.py", line 126, in import_module
    return _bootstrap._gcd_import(name[level:], package, level)
  File "<frozen importlib._bootstrap>", line 1050, in _gcd_import
  File "<frozen importlib._bootstrap>", line 1027, in _find_and_load
  File "<frozen importlib._bootstrap>", line 1006, in _find_and_load_unlocked
  File "<frozen importlib._bootstrap>", line 688, in _load_unlocked
  File "<frozen importlib._bootstrap_external>", line 883, in exec_module
  File "<frozen importlib._bootstrap>", line 241, in _call_with_frames_removed
  File "/home/saketh/Projects/dsa/src/main.py", line 25, in <module>
    from .api import users, datasets, versioning, jobs, search, sampling, exploration, workbench, downloads
  File "/home/saketh/Projects/dsa/src/api/sampling.py", line 17, in <module>
    from ..features.sampling.services import SamplingService
  File "/home/saketh/Projects/dsa/src/features/sampling/services/__init__.py", line 3, in <module>
    from .sampling_service import SamplingService, SamplingJobResponse
  File "/home/saketh/Projects/dsa/src/features/sampling/services/sampling_service.py", line 15, in <module>
    from src.core.services.sampling_service import SamplingService as CoreSamplingService
ModuleNotFoundError: No module named 'src.core.services'
WARNING:  WatchFiles detected changes in 'src/features/sampling/handlers/__init__.py'. Reloading...
/home/saketh/.local/lib/python3.10/site-packages/pydantic/_internal/_config.py:373: UserWarning: Valid config keys have changed in V2:
* 'schema_extra' has been renamed to 'json_schema_extra'
  warnings.warn(message, UserWarning)
Process SpawnProcess-7:
Traceback (most recent call last):
  File "/usr/lib/python3.10/multiprocessing/process.py", line 314, in _bootstrap
    self.run()
  File "/usr/lib/python3.10/multiprocessing/process.py", line 108, in run
    self._target(*self._args, **self._kwargs)
  File "/home/saketh/.local/lib/python3.10/site-packages/uvicorn/_subprocess.py", line 80, in subprocess_started
    target(sockets=sockets)
  File "/home/saketh/.local/lib/python3.10/site-packages/uvicorn/server.py", line 66, in run
    return asyncio.run(self.serve(sockets=sockets))
  File "/usr/lib/python3.10/asyncio/runners.py", line 44, in run
    return loop.run_until_complete(main)
  File "uvloop/loop.pyx", line 1518, in uvloop.loop.Loop.run_until_complete
  File "/home/saketh/.local/lib/python3.10/site-packages/uvicorn/server.py", line 70, in serve
    await self._serve(sockets)
  File "/home/saketh/.local/lib/python3.10/site-packages/uvicorn/server.py", line 77, in _serve
    config.load()
  File "/home/saketh/.local/lib/python3.10/site-packages/uvicorn/config.py", line 435, in load
    self.loaded_app = import_from_string(self.app)
  File "/home/saketh/.local/lib/python3.10/site-packages/uvicorn/importer.py", line 22, in import_from_string
    raise exc from None
  File "/home/saketh/.local/lib/python3.10/site-packages/uvicorn/importer.py", line 19, in import_from_string
    module = importlib.import_module(module_str)
  File "/usr/lib/python3.10/importlib/__init__.py", line 126, in import_module
    return _bootstrap._gcd_import(name[level:], package, level)
  File "<frozen importlib._bootstrap>", line 1050, in _gcd_import
  File "<frozen importlib._bootstrap>", line 1027, in _find_and_load
  File "<frozen importlib._bootstrap>", line 1006, in _find_and_load_unlocked
  File "<frozen importlib._bootstrap>", line 688, in _load_unlocked
  File "<frozen importlib._bootstrap_external>", line 883, in exec_module
  File "<frozen importlib._bootstrap>", line 241, in _call_with_frames_removed
  File "/home/saketh/Projects/dsa/src/main.py", line 25, in <module>
    from .api import users, datasets, versioning, jobs, search, sampling, exploration, workbench, downloads
  File "/home/saketh/Projects/dsa/src/api/sampling.py", line 17, in <module>
    from ..features.sampling.services import SamplingService
  File "/home/saketh/Projects/dsa/src/features/sampling/services/__init__.py", line 3, in <module>
    from .sampling_service import SamplingService, SamplingJobResponse
  File "/home/saketh/Projects/dsa/src/features/sampling/services/sampling_service.py", line 15, in <module>
    from src.core.services.sampling_service import SamplingService as CoreSamplingService
ModuleNotFoundError: No module named 'src.core.services'
